<?xml version="1.0" encoding="UTF-8"?>
<testng-results ignored="0" total="2" passed="2" failed="0" skipped="0">
  <reporter-output>
  </reporter-output>
  <suite started-at="2023-12-19T14:51:53 IST" name="Default suite" finished-at="2023-12-19T14:52:17 IST" duration-ms="24592">
    <groups>
    </groups>
    <test started-at="2023-12-19T14:51:53 IST" name="Default test" finished-at="2023-12-19T14:52:17 IST" duration-ms="24592">
      <class name="com.simplilearn.testng.GridDemo.GridDemo2">
        <test-method signature="chromeTest1()[pri:1, instance:com.simplilearn.testng.GridDemo.GridDemo2@750e2b97]" started-at="2023-12-19T14:51:53 IST" name="chromeTest1" finished-at="2023-12-19T14:52:06 IST" duration-ms="13115" status="PASS">
          <reporter-output>
          </reporter-output>
        </test-method> <!-- chromeTest1 -->
        <test-method signature="firefoxTest2()[pri:2, instance:com.simplilearn.testng.GridDemo.GridDemo2@750e2b97]" started-at="2023-12-19T14:52:06 IST" name="firefoxTest2" finished-at="2023-12-19T14:52:17 IST" duration-ms="11420" status="PASS">
          <reporter-output>
          </reporter-output>
        </test-method> <!-- firefoxTest2 -->
      </class> <!-- com.simplilearn.testng.GridDemo.GridDemo2 -->
    </test> <!-- Default test -->
  </suite> <!-- Default suite -->
</testng-results>
