<?xml version="1.0" encoding="UTF-8"?>
<testng-results ignored="0" total="1" passed="1" failed="0" skipped="0">
  <reporter-output>
  </reporter-output>
  <suite started-at="2023-12-19T16:29:37 IST" name="Default suite" finished-at="2023-12-19T16:29:46 IST" duration-ms="8639">
    <groups>
    </groups>
    <test started-at="2023-12-19T16:29:37 IST" name="Default test" finished-at="2023-12-19T16:29:46 IST" duration-ms="8639">
      <class name="com.ninja.qa.Tests.ProductPageTest">
        <test-method is-config="true" signature="InitalizeExtentReport()[pri:0, instance:com.ninja.qa.Tests.ProductPageTest@413d1baf]" started-at="2023-12-19T16:29:37 IST" name="InitalizeExtentReport" finished-at="2023-12-19T16:29:37 IST" duration-ms="206" status="PASS">
          <reporter-output>
          </reporter-output>
        </test-method> <!-- InitalizeExtentReport -->
        <test-method is-config="true" signature="getnameMethod(org.testng.ITestContext)[pri:0, instance:com.ninja.qa.Tests.ProductPageTest@413d1baf]" started-at="2023-12-19T16:29:37 IST" name="getnameMethod" finished-at="2023-12-19T16:29:37 IST" duration-ms="6" status="PASS">
          <params>
            <param index="0">
              <value>
                <![CDATA[org.testng.TestRunner@6d099323]]>
              </value>
            </param>
          </params>
          <reporter-output>
          </reporter-output>
        </test-method> <!-- getnameMethod -->
        <test-method is-config="true" signature="OpenApp()[pri:0, instance:com.ninja.qa.Tests.ProductPageTest@413d1baf]" started-at="2023-12-19T16:29:37 IST" name="OpenApp" finished-at="2023-12-19T16:29:41 IST" duration-ms="3716" status="PASS">
          <reporter-output>
          </reporter-output>
        </test-method> <!-- OpenApp -->
        <test-method signature="testproduct_addtocart()[pri:0, instance:com.ninja.qa.Tests.ProductPageTest@413d1baf]" started-at="2023-12-19T16:29:41 IST" name="testproduct_addtocart" finished-at="2023-12-19T16:29:46 IST" duration-ms="4624" status="PASS">
          <reporter-output>
          </reporter-output>
        </test-method> <!-- testproduct_addtocart -->
        <test-method is-config="true" signature="CloseApp()[pri:0, instance:com.ninja.qa.Tests.ProductPageTest@413d1baf]" started-at="2023-12-19T16:29:46 IST" name="CloseApp" finished-at="2023-12-19T16:29:46 IST" duration-ms="270" status="PASS">
          <reporter-output>
          </reporter-output>
        </test-method> <!-- CloseApp -->
        <test-method is-config="true" signature="generateTestStatus(java.lang.reflect.Method,org.testng.ITestResult)[pri:0, instance:com.ninja.qa.Tests.ProductPageTest@413d1baf]" started-at="2023-12-19T16:29:46 IST" name="generateTestStatus" finished-at="2023-12-19T16:29:46 IST" duration-ms="0" status="PASS">
          <params>
            <param index="0">
              <value>
                <![CDATA[public void com.ninja.qa.Tests.ProductPageTest.testproduct_addtocart() throws java.lang.InterruptedException]]>
              </value>
            </param>
            <param index="1">
              <value>
                <![CDATA[[TestResult name=testproduct_addtocart status=SUCCESS method=ProductPageTest.testproduct_addtocart()[pri:0, instance:com.ninja.qa.Tests.ProductPageTest@413d1baf] output={null}]]]>
              </value>
            </param>
          </params>
          <reporter-output>
          </reporter-output>
        </test-method> <!-- generateTestStatus -->
        <test-method is-config="true" signature="generateReports()[pri:0, instance:com.ninja.qa.Tests.ProductPageTest@413d1baf]" started-at="2023-12-19T16:29:46 IST" name="generateReports" finished-at="2023-12-19T16:29:47 IST" duration-ms="1056" status="PASS">
          <reporter-output>
          </reporter-output>
        </test-method> <!-- generateReports -->
      </class> <!-- com.ninja.qa.Tests.ProductPageTest -->
    </test> <!-- Default test -->
  </suite> <!-- Default suite -->
</testng-results>
