<?xml version="1.0" encoding="UTF-8"?>
<testng-results ignored="0" total="1" passed="1" failed="0" skipped="0">
  <reporter-output>
  </reporter-output>
  <suite started-at="2023-12-18T17:06:19 IST" name="Default suite" finished-at="2023-12-18T17:06:26 IST" duration-ms="7122">
    <groups>
    </groups>
    <test started-at="2023-12-18T17:06:19 IST" name="Default test" finished-at="2023-12-18T17:06:26 IST" duration-ms="7122">
      <class name="com.simplilearn.testng.GridDemo.StandAloneChrome">
        <test-method is-config="true" signature="standAloneCherome()[pri:0, instance:com.simplilearn.testng.GridDemo.StandAloneChrome@3a7442c7]" started-at="2023-12-18T17:06:19 IST" name="standAloneCherome" finished-at="2023-12-18T17:06:23 IST" duration-ms="3561" status="PASS">
          <reporter-output>
          </reporter-output>
        </test-method> <!-- standAloneCherome -->
        <test-method signature="gridStandAloneTest()[pri:0, instance:com.simplilearn.testng.GridDemo.StandAloneChrome@3a7442c7]" started-at="2023-12-18T17:06:23 IST" name="gridStandAloneTest" finished-at="2023-12-18T17:06:26 IST" duration-ms="3205" status="PASS">
          <reporter-output>
          </reporter-output>
        </test-method> <!-- gridStandAloneTest -->
        <test-method is-config="true" signature="close()[pri:0, instance:com.simplilearn.testng.GridDemo.StandAloneChrome@3a7442c7]" started-at="2023-12-18T17:06:26 IST" name="close" finished-at="2023-12-18T17:06:26 IST" duration-ms="298" status="PASS">
          <reporter-output>
          </reporter-output>
        </test-method> <!-- close -->
      </class> <!-- com.simplilearn.testng.GridDemo.StandAloneChrome -->
    </test> <!-- Default test -->
  </suite> <!-- Default suite -->
</testng-results>
