<?xml version="1.0" encoding="UTF-8"?>
<!-- Generated by org.testng.reporters.JUnitXMLReporter -->
<testsuite ignored="0" hostname="Bujuku" failures="0" tests="9" name="REST APIs" time="16.841" errors="0" timestamp="2024-01-21T13:52:34 IST">
  <testcase classname="com.simplilearn.resttetsing.GetRequestTest" name="getRequestTest" time="3.663"/>
  <testcase classname="com.simplilearn.resttetsing.GetRequestTest" name="getRequestWithQueryParmsTest" time="0.673"/>
  <testcase classname="com.simplilearn.resttetsing.GetRequestTest" name="getRequestWithUserIdTest" time="0.776"/>
  <testcase classname="com.simplilearn.resttetsing.PostRequestTest" name="postRequestTest" time="2.156"/>
  <testcase classname="com.simplilearn.resttetsing.PutRequestTest" name="putRequestTest" time="2.026"/>
  <testcase classname="com.simplilearn.resttetsing.DeleteRequestTest" name="deleteRequestTest" time="2.111"/>
  <testcase classname="com.simplilearn.resttetsing.DeleteRequestTest" name="deleteRequestTest" time="0.914"/>
  <testcase classname="com.simplilearn.resttetsing.DeleteRequestTest" name="deleteRequestTest" time="1.309"/>
  <testcase classname="com.simplilearn.resttetsing.PatchRequestTest" name="putRequestTest" time="3.128"/>
</testsuite> <!-- REST APIs -->
