<?xml version="1.0" encoding="UTF-8"?>
<!-- Generated by org.testng.reporters.JUnitXMLReporter -->
<testsuite ignored="0" hostname="Bujuku" failures="0" tests="8" name="REST APIs" time="11.258" errors="0" timestamp="2024-01-20T17:19:09 IST">
  <testcase classname="com.simplilearn.resttetsing.GetRequestTest" name="getRequestTest" time="4.046"/>
  <testcase classname="com.simplilearn.resttetsing.GetRequestTest" name="getRequestWithQueryParmsTest" time="0.905"/>
  <testcase classname="com.simplilearn.resttetsing.GetRequestTest" name="getRequestWithUserIdTest" time="0.669"/>
  <testcase classname="com.simplilearn.resttetsing.PostRequestTest" name="postRequestTest" time="1.824"/>
  <testcase classname="com.simplilearn.resttetsing.PutRequestTest" name="putRequestTest" time="1.571"/>
  <testcase classname="com.simplilearn.resttetsing.DeleteRequestTest" name="deleteRequestTest" time="0.701"/>
  <testcase classname="com.simplilearn.resttetsing.DeleteRequestTest" name="deleteRequestTest" time="0.706"/>
  <testcase classname="com.simplilearn.resttetsing.DeleteRequestTest" name="deleteRequestTest" time="0.711"/>
</testsuite> <!-- REST APIs -->
