<?xml version="1.0" encoding="UTF-8"?>
<!-- Generated by org.testng.reporters.JUnitXMLReporter -->
<testsuite ignored="0" hostname="Bujuku" failures="0" tests="5" name="REST Auth" time="7.076" errors="0" timestamp="2024-01-21T13:52:59 IST">
  <testcase classname="com.simplilearn.authtest.AuthenticationTest" name="testAuthenticationToken" time="2.157"/>
  <testcase classname="com.simplilearn.authtest.OAuthauthenticationTest" name="testAuthenticationBasedOnCredsToken" time="1.432"/>
  <testcase classname="com.simplilearn.authtest.OAuthauthenticationTest" name="testAuthenticationToken" time="1.379"/>
  <testcase classname="com.simplilearn.authtest.SSLAuthenticationTest" name="testSSLAuthenticate" time="1.399"/>
  <testcase classname="com.simplilearn.authtest.SSLAuthenticationTest" name="testSSlAuthenticate1" time="0.697"/>
</testsuite> <!-- REST Auth -->
