<?xml version="1.0" encoding="UTF-8"?>
<!-- Generated by org.testng.reporters.JUnitXMLReporter -->
<testsuite ignored="0" hostname="Bujuku" failures="0" tests="5" name="SOAP APIs" time="18.268" errors="0" timestamp="2024-01-21T13:52:52 IST">
  <testcase classname="com.simplilearn.soaptesting.GetCapitalByCountryCodeTest" name="postXMLRequestTest" time="2.053"/>
  <testcase classname="com.simplilearn.soaptesting.GetCapitalByCountryCodeTest" name="postXMLRequestTest" time="2.159"/>
  <testcase classname="com.simplilearn.soaptesting.GetCapitalByCountryCodeTest" name="postXMLRequestTest" time="1.295"/>
  <testcase classname="com.simplilearn.soaptesting.GetCapitalByCountryCodeTest" name="postXMLRequestTest" time="1.322"/>
  <testcase classname="com.simplilearn.soaptesting.NumberToWordConversion" name="postXMLRequestTest" time="11.426"/>
</testsuite> <!-- SOAP APIs -->
