<?xml version="1.0" encoding="UTF-8"?>
<testng-results ignored="0" total="1" passed="1" failed="0" skipped="0">
  <reporter-output>
  </reporter-output>
  <suite started-at="2024-01-21T14:12:58 IST" name="Default suite" finished-at="2024-01-21T14:13:02 IST" duration-ms="4118">
    <groups>
    </groups>
    <test started-at="2024-01-21T14:12:58 IST" name="Default test" finished-at="2024-01-21T14:13:02 IST" duration-ms="4118">
      <class name="com.simplilearn.soaptesting.ListofCountriesWithCountryCodeTest">
        <test-method signature="postXMLRequestTest()[pri:0, instance:com.simplilearn.soaptesting.ListofCountriesWithCountryCodeTest@6e535154]" started-at="2024-01-21T14:12:58 IST" name="postXMLRequestTest" description="Test List of Countries with country code Soap request  using XML" finished-at="2024-01-21T14:13:02 IST" duration-ms="4062" status="PASS">
          <reporter-output>
          </reporter-output>
        </test-method> <!-- postXMLRequestTest -->
      </class> <!-- com.simplilearn.soaptesting.ListofCountriesWithCountryCodeTest -->
    </test> <!-- Default test -->
  </suite> <!-- Default suite -->
</testng-results>
