<?xml version="1.0" encoding="UTF-8"?>
<testng-results ignored="0" total="1" passed="1" failed="0" skipped="0">
  <reporter-output>
  </reporter-output>
  <suite started-at="2023-12-19T17:57:11 IST" name="Default suite" finished-at="2023-12-19T17:57:32 IST" duration-ms="20994">
    <groups>
    </groups>
    <test started-at="2023-12-19T17:57:11 IST" name="Default test" finished-at="2023-12-19T17:57:32 IST" duration-ms="20994">
      <class name="com.simplilearn.testng.SignInTest">
        <test-method is-config="true" signature="beforeTest()[pri:0, instance:com.simplilearn.testng.SignInTest@428640fa]" started-at="2023-12-19T17:57:11 IST" name="beforeTest" finished-at="2023-12-19T17:57:23 IST" duration-ms="11751" status="PASS">
          <reporter-output>
          </reporter-output>
        </test-method> <!-- beforeTest -->
        <test-method signature="signInTest()[pri:0, instance:com.simplilearn.testng.SignInTest@428640fa]" started-at="2023-12-19T17:57:23 IST" name="signInTest" finished-at="2023-12-19T17:57:30 IST" duration-ms="7384" status="PASS">
          <reporter-output>
          </reporter-output>
        </test-method> <!-- signInTest -->
        <test-method is-config="true" signature="afterTest()[pri:0, instance:com.simplilearn.testng.SignInTest@428640fa]" started-at="2023-12-19T17:57:30 IST" name="afterTest" finished-at="2023-12-19T17:57:32 IST" duration-ms="1797" status="PASS">
          <reporter-output>
          </reporter-output>
        </test-method> <!-- afterTest -->
      </class> <!-- com.simplilearn.testng.SignInTest -->
    </test> <!-- Default test -->
  </suite> <!-- Default suite -->
</testng-results>
