<?xml version="1.0" encoding="UTF-8"?>
<testng-results ignored="0" total="2" passed="2" failed="0" skipped="0">
  <reporter-output>
  </reporter-output>
  <suite started-at="2023-12-16T10:26:38 IST" name="Default suite" finished-at="2023-12-16T10:28:19 IST" duration-ms="101037">
    <groups>
    </groups>
    <test started-at="2023-12-16T10:26:38 IST" name="Default test" finished-at="2023-12-16T10:28:19 IST" duration-ms="101037">
      <class name="com.simplilearn.testng.Amazon.AmazonSearchTest">
        <test-method is-config="true" signature="beforeClass()[pri:0, instance:com.simplilearn.testng.Amazon.AmazonSearchTest@41a0aa7d]" started-at="2023-12-16T10:26:38 IST" name="beforeClass" finished-at="2023-12-16T10:28:10 IST" duration-ms="92858" status="PASS">
          <reporter-output>
          </reporter-output>
        </test-method> <!-- beforeClass -->
        <test-method signature="testSearch1()[pri:0, instance:com.simplilearn.testng.Amazon.AmazonSearchTest@41a0aa7d]" started-at="2023-12-16T10:28:10 IST" name="testSearch1" description="Search Iphone 15 pro max" finished-at="2023-12-16T10:28:13 IST" duration-ms="2676" status="PASS">
          <reporter-output>
          </reporter-output>
        </test-method> <!-- testSearch1 -->
        <test-method signature="testSearch2()[pri:0, instance:com.simplilearn.testng.Amazon.AmazonSearchTest@41a0aa7d]" started-at="2023-12-16T10:28:13 IST" name="testSearch2" description="Search Apple Mac book" finished-at="2023-12-16T10:28:15 IST" duration-ms="2321" status="PASS">
          <reporter-output>
          </reporter-output>
        </test-method> <!-- testSearch2 -->
        <test-method is-config="true" signature="afterClass()[pri:0, instance:com.simplilearn.testng.Amazon.AmazonSearchTest@41a0aa7d]" started-at="2023-12-16T10:28:15 IST" name="afterClass" finished-at="2023-12-16T10:28:19 IST" duration-ms="3097" status="PASS">
          <reporter-output>
          </reporter-output>
        </test-method> <!-- afterClass -->
      </class> <!-- com.simplilearn.testng.Amazon.AmazonSearchTest -->
    </test> <!-- Default test -->
  </suite> <!-- Default suite -->
</testng-results>
